{
  "RSpec": {
    "coverage": {
      "/Users/ryan/projects/shop_manager_challenge/lib/database_connection.rb": {
        "lines": [
          1,
          null,
          1,
          1,
          1,
          null,
          null,
          1,
          6,
          0,
          null,
          null,
          null,
          6,
          null,
          null
        ]
      },
      "/Users/ryan/projects/shop_manager_challenge/spec/order_repository_spec.rb": {
        "lines": [
          1,
          null,
          1,
          1,
          2,
          2,
          2,
          null,
          null,
          1,
          2,
          null,
          null,
          1,
          1,
          1,
          1,
          1,
          1,
          1,
          1,
          null,
          null,
          1,
          1,
          1,
          1,
          1,
          1,
          1,
          1,
          1,
          1,
          1,
          1,
          null,
          null
        ]
      },
      "/Users/ryan/projects/shop_manager_challenge/lib/order_repository.rb": {
        "lines": [
          1,
          null,
          1,
          1,
          2,
          2,
          2,
          2,
          5,
          5,
          5,
          5,
          5,
          5,
          null,
          2,
          null,
          null,
          1,
          1,
          1,
          1,
          null,
          null,
          null
        ]
      },
      "/Users/ryan/projects/shop_manager_challenge/lib/order.rb": {
        "lines": [
          1,
          1,
          null
        ]
      },
      "/Users/ryan/projects/shop_manager_challenge/spec/stock_repository_spec.rb": {
        "lines": [
          1,
          null,
          1,
          1,
          2,
          2,
          2,
          null,
          null,
          1,
          2,
          null,
          null,
          1,
          1,
          1,
          1,
          1,
          1,
          1,
          1,
          null,
          null,
          1,
          1,
          1,
          1,
          1,
          1,
          1,
          1,
          1,
          1,
          1,
          1,
          null,
          null
        ]
      },
      "/Users/ryan/projects/shop_manager_challenge/lib/stock_repository.rb": {
        "lines": [
          1,
          null,
          1,
          1,
          2,
          2,
          2,
          2,
          5,
          5,
          5,
          5,
          5,
          5,
          null,
          2,
          null,
          null,
          1,
          1,
          1,
          1,
          null,
          null,
          null
        ]
      },
      "/Users/ryan/projects/shop_manager_challenge/lib/stock.rb": {
        "lines": [
          1,
          1,
          null
        ]
      }
    },
    "timestamp": 1673216683
  }
}
